0 info it worked if it ends with ok
1 verbose cli [ '/usr/bin/node', '/usr/bin/npm', 'run', 'client' ]
2 info using npm@3.5.2
3 info using node@v8.10.0
4 verbose run-script [ 'preclient', 'client', 'postclient' ]
5 info lifecycle react-chat-socketio@1.0.0~preclient: react-chat-socketio@1.0.0
6 silly lifecycle react-chat-socketio@1.0.0~preclient: no script for preclient, continuing
7 info lifecycle react-chat-socketio@1.0.0~client: react-chat-socketio@1.0.0
8 verbose lifecycle react-chat-socketio@1.0.0~client: unsafe-perm in lifecycle true
9 verbose lifecycle react-chat-socketio@1.0.0~client: PATH: /usr/share/npm/bin/node-gyp-bin:/home/yamakasi/NodeJS/react_chat_socketio/node_modules/.bin:/usr/share/npm/bin/node-gyp-bin:/home/yamakasi/NodeJS/react_chat_socketio/node_modules/.bin:/home/yamakasi/google-cloud-sdk/bin:/home/yamakasi/.local/bin:/usr/local/sbin:/usr/local/bin:/usr/sbin:/usr/bin:/sbin:/bin:/usr/games:/usr/local/games:/snap/bin:/home/yamakasi/lustre-install/lustre-v4-III-dc-linux64/bin:/usr/lib/jvm/jdk1.8.0_191/bin:/home/yamakasi/Android/Sdk/tools:/home/yamakasi/Android/Sdk/platform-tools
10 verbose lifecycle react-chat-socketio@1.0.0~client: CWD: /home/yamakasi/NodeJS/react_chat_socketio
11 silly lifecycle react-chat-socketio@1.0.0~client: Args: [ '-c', 'npm start --prefix client' ]
12 silly lifecycle react-chat-socketio@1.0.0~client: Returned: code: 1  signal: null
13 info lifecycle react-chat-socketio@1.0.0~client: Failed to exec client script
14 verbose stack Error: react-chat-socketio@1.0.0 client: `npm start --prefix client`
14 verbose stack Exit status 1
14 verbose stack     at EventEmitter.<anonymous> (/usr/share/npm/lib/utils/lifecycle.js:232:16)
14 verbose stack     at emitTwo (events.js:126:13)
14 verbose stack     at EventEmitter.emit (events.js:214:7)
14 verbose stack     at ChildProcess.<anonymous> (/usr/share/npm/lib/utils/spawn.js:24:14)
14 verbose stack     at emitTwo (events.js:126:13)
14 verbose stack     at ChildProcess.emit (events.js:214:7)
14 verbose stack     at maybeClose (internal/child_process.js:925:16)
14 verbose stack     at Process.ChildProcess._handle.onexit (internal/child_process.js:209:5)
15 verbose pkgid react-chat-socketio@1.0.0
16 verbose cwd /home/yamakasi/NodeJS/react_chat_socketio
17 error Linux 4.15.0-54-generic
18 error argv "/usr/bin/node" "/usr/bin/npm" "run" "client"
19 error node v8.10.0
20 error npm  v3.5.2
21 error code ELIFECYCLE
22 error react-chat-socketio@1.0.0 client: `npm start --prefix client`
22 error Exit status 1
23 error Failed at the react-chat-socketio@1.0.0 client script 'npm start --prefix client'.
23 error Make sure you have the latest version of node.js and npm installed.
23 error If you do, this is most likely a problem with the react-chat-socketio package,
23 error not with npm itself.
23 error Tell the author that this fails on your system:
23 error     npm start --prefix client
23 error You can get information on how to open an issue for this project with:
23 error     npm bugs react-chat-socketio
23 error Or if that isn't available, you can get their info via:
23 error     npm owner ls react-chat-socketio
23 error There is likely additional logging output above.
24 verbose exit [ 1, true ]
